npm info using npm@10.9.8
npm info using node@v22.22.3
npm http cache https://registry.npmjs.org/next 65ms (cache hit)
npm http cache https://registry.npmjs.org/@opentelemetry%2fapi 4ms (cache hit)
npm http cache https://registry.npmjs.org/@playwright%2ftest 20ms (cache hit)
npm http cache https://registry.npmjs.org/react 14ms (cache hit)
npm http cache https://registry.npmjs.org/react-dom 18ms (cache hit)
npm http cache https://registry.npmjs.org/sass 15ms (cache hit)
npm http cache https://registry.npmjs.org/@supabase%2fsupabase-js 7ms (cache hit)
npm http cache https://registry.npmjs.org/jose 5ms (cache hit)
npm http cache https://registry.npmjs.org/recharts 5ms (cache hit)
npm http cache https://registry.npmjs.org/typescript 28ms (cache hit)
npm http cache https://registry.npmjs.org/@types%2fnode 18ms (cache hit)
npm http cache https://registry.npmjs.org/@types%2freact 11ms (cache hit)
npm http cache https://registry.npmjs.org/@types%2freact-dom 4ms (cache hit)
npm http cache https://registry.npmjs.org/tailwindcss 15ms (cache hit)
npm http cache https://registry.npmjs.org/postcss 4ms (cache hit)
npm http cache https://registry.npmjs.org/autoprefixer 6ms (cache hit)
npm http cache https://registry.npmjs.org/@supabase%2fauth-js 17ms (cache hit)
npm http cache https://registry.npmjs.org/@supabase%2fstorage-js 8ms (cache hit)
npm http cache https://registry.npmjs.org/@supabase%2frealtime-js 5ms (cache hit)
npm http cache https://registry.npmjs.org/@supabase%2ffunctions-js 4ms (cache hit)
npm http cache https://registry.npmjs.org/@supabase%2fpostgrest-js 7ms (cache hit)
npm http cache https://registry.npmjs.org/undici-types 5ms (cache hit)
npm http cache https://registry.npmjs.org/csstype 4ms (cache hit)
npm http cache https://registry.npmjs.org/@types%2fprop-types 3ms (cache hit)
npm http cache https://registry.npmjs.org/browserslist 4ms (cache hit)
npm http cache https://registry.npmjs.org/caniuse-lite 6ms (cache hit)
npm http cache https://registry.npmjs.org/fraction.js 3ms (cache hit)
npm http cache https://registry.npmjs.org/picocolors 3ms (cache hit)
npm http cache https://registry.npmjs.org/postcss-value-parser 2ms (cache hit)
npm http cache https://registry.npmjs.org/nanoid 2ms (cache hit)
npm http cache https://registry.npmjs.org/source-map-js 4ms (cache hit)
npm http cache https://registry.npmjs.org/busboy 4ms (cache hit)
npm http cache https://registry.npmjs.org/@next%2fenv 11ms (cache hit)
npm http cache https://registry.npmjs.org/styled-jsx 13ms (cache hit)
npm http cache https://registry.npmjs.org/graceful-fs 2ms (cache hit)
npm http cache https://registry.npmjs.org/@swc%2fhelpers 4ms (cache hit)
npm http cache https://registry.npmjs.org/caniuse-lite 4ms (cache hit)
npm http cache https://registry.npmjs.org/@next%2fswc-darwin-x64 9ms (cache hit)
npm http cache https://registry.npmjs.org/@next%2fswc-darwin-arm64 11ms (cache hit)
npm http cache https://registry.npmjs.org/@next%2fswc-linux-x64-gnu 9ms (cache hit)
npm http cache https://registry.npmjs.org/@next%2fswc-linux-x64-musl 23ms (cache hit)
npm http cache https://registry.npmjs.org/@next%2fswc-win32-x64-msvc 10ms (cache hit)
npm http cache https://registry.npmjs.org/@next%2fswc-linux-arm64-gnu 15ms (cache hit)
npm http cache https://registry.npmjs.org/@next%2fswc-win32-ia32-msvc 24ms (cache hit)
npm http cache https://registry.npmjs.org/@next%2fswc-linux-arm64-musl 10ms (cache hit)
npm http cache https://registry.npmjs.org/@next%2fswc-win32-arm64-msvc 11ms (cache hit)
npm http cache https://registry.npmjs.org/scheduler 27ms (cache hit)
npm http cache https://registry.npmjs.org/loose-envify 10ms (cache hit)
npm http cache https://registry.npmjs.org/clsx 3ms (cache hit)
npm http cache https://registry.npmjs.org/lodash 3ms (cache hit)
npm http cache https://registry.npmjs.org/react-is 8ms (cache hit)
npm http cache https://registry.npmjs.org/react-smooth 14ms (cache hit)
npm http cache https://registry.npmjs.org/eventemitter3 3ms (cache hit)
npm http cache https://registry.npmjs.org/recharts-scale 5ms (cache hit)
npm http cache https://registry.npmjs.org/tiny-invariant 3ms (cache hit)
npm http cache https://registry.npmjs.org/victory-vendor 2ms (cache hit)
npm http cache https://registry.npmjs.org/arg 3ms (cache hit)
npm http cache https://registry.npmjs.org/dlv 3ms (cache hit)
npm http cache https://registry.npmjs.org/jiti 3ms (cache hit)
npm http cache https://registry.npmjs.org/is-glob 2ms (cache hit)
npm http cache https://registry.npmjs.org/resolve 2ms (cache hit)
npm http cache https://registry.npmjs.org/sucrase 3ms (cache hit)
npm http cache https://registry.npmjs.org/chokidar 2ms (cache hit)
npm http cache https://registry.npmjs.org/fast-glob 2ms (cache hit)
npm http cache https://registry.npmjs.org/lilconfig 3ms (cache hit)
npm http cache https://registry.npmjs.org/didyoumean 3ms (cache hit)
npm http cache https://registry.npmjs.org/micromatch 2ms (cache hit)
npm http cache https://registry.npmjs.org/postcss-js 2ms (cache hit)
npm http cache https://registry.npmjs.org/glob-parent 2ms (cache hit)
npm http cache https://registry.npmjs.org/object-hash 2ms (cache hit)
npm http cache https://registry.npmjs.org/normalize-path 5ms (cache hit)
npm http cache https://registry.npmjs.org/postcss-import 4ms (cache hit)
npm http cache https://registry.npmjs.org/postcss-nested 2ms (cache hit)
npm http cache https://registry.npmjs.org/@alloc%2fquick-lru 2ms (cache hit)
npm http cache https://registry.npmjs.org/postcss-load-config 3ms (cache hit)
npm http cache https://registry.npmjs.org/postcss-selector-parser 2ms (cache hit)
npm http cache https://registry.npmjs.org/tslib 2ms (cache hit)
npm http cache https://registry.npmjs.org/@supabase%2fphoenix 1ms (cache hit)
npm http cache https://registry.npmjs.org/iceberg-js 2ms (cache hit)
npm http cache https://registry.npmjs.org/caniuse-lite 5ms (cache hit)
npm http cache https://registry.npmjs.org/node-releases 6ms (cache hit)
npm http cache https://registry.npmjs.org/electron-to-chromium 8ms (cache hit)
npm http cache https://registry.npmjs.org/update-browserslist-db 4ms (cache hit)
npm http cache https://registry.npmjs.org/baseline-browser-mapping 3ms (cache hit)
npm http cache https://registry.npmjs.org/escalade 25ms (cache hit)
npm http cache https://registry.npmjs.org/react 11ms (cache hit)
npm http cache https://registry.npmjs.org/@swc%2fcounter 3ms (cache hit)
npm http cache https://registry.npmjs.org/streamsearch 2ms (cache hit)
npm http cache https://registry.npmjs.org/client-only 6ms (cache hit)
npm http cache https://registry.npmjs.org/js-tokens 2ms (cache hit)
npm http cache https://registry.npmjs.org/react 11ms (cache hit)
npm http cache https://registry.npmjs.org/react-dom 16ms (cache hit)
npm http cache https://registry.npmjs.org/fast-equals 25ms (cache hit)
npm http cache https://registry.npmjs.org/prop-types 3ms (cache hit)
npm http cache https://registry.npmjs.org/react-transition-group 3ms (cache hit)
npm http cache https://registry.npmjs.org/decimal.js-light 3ms (cache hit)
npm http cache https://registry.npmjs.org/d3-ease 2ms (cache hit)
npm http cache https://registry.npmjs.org/d3-time 2ms (cache hit)
npm http cache https://registry.npmjs.org/d3-array 2ms (cache hit)
npm http cache https://registry.npmjs.org/d3-scale 3ms (cache hit)
npm http cache https://registry.npmjs.org/d3-shape 2ms (cache hit)
npm http cache https://registry.npmjs.org/d3-timer 2ms (cache hit)
npm http cache https://registry.npmjs.org/@types%2fd3-ease 2ms (cache hit)
npm http cache https://registry.npmjs.org/@types%2fd3-time 2ms (cache hit)
npm http cache https://registry.npmjs.org/d3-interpolate 2ms (cache hit)
npm http cache https://registry.npmjs.org/@types%2fd3-array 4ms (cache hit)
npm http cache https://registry.npmjs.org/@types%2fd3-scale 2ms (cache hit)
npm http cache https://registry.npmjs.org/@types%2fd3-shape 2ms (cache hit)
npm http cache https://registry.npmjs.org/@types%2fd3-timer 2ms (cache hit)
npm http cache https://registry.npmjs.org/@types%2fd3-interpolate 6ms (cache hit)
npm http cache https://registry.npmjs.org/react 11ms (cache hit)
npm http cache https://registry.npmjs.org/react-dom 13ms (cache hit)
npm http cache https://registry.npmjs.org/object-assign 18ms (cache hit)
npm http cache https://registry.npmjs.org/react-is 11ms (cache hit)
npm http cache https://registry.npmjs.org/@babel%2fruntime 10ms (cache hit)
npm http cache https://registry.npmjs.org/dom-helpers 2ms (cache hit)
npm http cache https://registry.npmjs.org/tsx 5ms (cache hit)
npm http cache https://registry.npmjs.org/yaml 3ms (cache hit)
npm http cache https://registry.npmjs.org/braces 5ms (cache hit)
npm http cache https://registry.npmjs.org/anymatch 2ms (cache hit)
npm http cache https://registry.npmjs.org/readdirp 2ms (cache hit)
npm http cache https://registry.npmjs.org/is-binary-path 2ms (cache hit)
npm http cache https://registry.npmjs.org/fsevents 3ms (cache hit)
npm http cache https://registry.npmjs.org/@nodelib%2ffs.stat 2ms (cache hit)
npm http cache https://registry.npmjs.org/@nodelib%2ffs.walk 2ms (cache hit)
npm http cache https://registry.npmjs.org/merge2 2ms (cache hit)
npm http cache https://registry.npmjs.org/is-extglob 1ms (cache hit)
npm http cache https://registry.npmjs.org/picomatch 4ms (cache hit)
npm http cache https://registry.npmjs.org/read-cache 2ms (cache hit)
npm http cache https://registry.npmjs.org/camelcase-css 2ms (cache hit)
npm http cache https://registry.npmjs.org/cssesc 1ms (cache hit)
npm http cache https://registry.npmjs.org/util-deprecate 1ms (cache hit)
npm http cache https://registry.npmjs.org/es-errors 2ms (cache hit)
npm http cache https://registry.npmjs.org/path-parse 6ms (cache hit)
npm http cache https://registry.npmjs.org/is-core-module 1ms (cache hit)
npm http cache https://registry.npmjs.org/supports-preserve-symlinks-flag 3ms (cache hit)
npm http cache https://registry.npmjs.org/@jridgewell%2fgen-mapping 2ms (cache hit)
npm http cache https://registry.npmjs.org/commander 2ms (cache hit)
npm http cache https://registry.npmjs.org/lines-and-columns 3ms (cache hit)
npm http cache https://registry.npmjs.org/mz 3ms (cache hit)
npm http cache https://registry.npmjs.org/pirates 5ms (cache hit)
npm http cache https://registry.npmjs.org/tinyglobby 3ms (cache hit)
npm http cache https://registry.npmjs.org/ts-interface-checker 3ms (cache hit)
npm http cache https://registry.npmjs.org/fill-range 3ms (cache hit)
npm http cache https://registry.npmjs.org/binary-extensions 2ms (cache hit)
npm http cache https://registry.npmjs.org/to-regex-range 3ms (cache hit)
npm http cache https://registry.npmjs.org/fastq 2ms (cache hit)
npm http cache https://registry.npmjs.org/@nodelib%2ffs.scandir 3ms (cache hit)
npm http cache https://registry.npmjs.org/run-parallel 4ms (cache hit)
npm http cache https://registry.npmjs.org/reusify 2ms (cache hit)
npm http cache https://registry.npmjs.org/queue-microtask 2ms (cache hit)
npm http cache https://registry.npmjs.org/is-number 2ms (cache hit)
npm http cache https://registry.npmjs.org/pify 3ms (cache hit)
npm http cache https://registry.npmjs.org/hasown 4ms (cache hit)
npm http cache https://registry.npmjs.org/function-bind 7ms (cache hit)
npm http cache https://registry.npmjs.org/@jridgewell%2ftrace-mapping 2ms (cache hit)
npm http cache https://registry.npmjs.org/@jridgewell%2fsourcemap-codec 2ms (cache hit)
npm http cache https://registry.npmjs.org/any-promise 2ms (cache hit)
npm http cache https://registry.npmjs.org/thenify-all 4ms (cache hit)
npm http cache https://registry.npmjs.org/fdir 2ms (cache hit)
npm http cache https://registry.npmjs.org/@jridgewell%2fresolve-uri 2ms (cache hit)
npm http cache https://registry.npmjs.org/thenify 2ms (cache hit)
npm http cache https://registry.npmjs.org/@types%2fd3-color 3ms (cache hit)
npm http cache https://registry.npmjs.org/@types%2fd3-path 2ms (cache hit)
npm http fetch GET 200 https://registry.npmjs.org/internmap 143ms (cache revalidated)
npm http fetch GET 200 https://registry.npmjs.org/d3-color 302ms (cache revalidated)
npm http fetch GET 200 https://registry.npmjs.org/d3-format 326ms (cache revalidated)
npm http fetch GET 200 https://registry.npmjs.org/d3-time-format 348ms (cache revalidated)
npm http fetch GET 200 https://registry.npmjs.org/d3-path 345ms (cache revalidated)
npm http cache d3-path@https://registry.npmjs.org/d3-path/-/d3-path-3.1.0.tgz 0ms (cache hit)
npm http cache d3-time-format@https://registry.npmjs.org/d3-time-format/-/d3-time-format-4.1.0.tgz 0ms (cache hit)
npm http cache d3-format@https://registry.npmjs.org/d3-format/-/d3-format-3.1.2.tgz 0ms (cache hit)
npm http cache d3-color@https://registry.npmjs.org/d3-color/-/d3-color-3.1.0.tgz 0ms (cache hit)
npm http cache internmap@https://registry.npmjs.org/internmap/-/internmap-2.0.3.tgz 0ms (cache hit)
npm http cache @types/d3-path@https://registry.npmjs.org/@types/d3-path/-/d3-path-3.1.1.tgz 0ms (cache hit)
npm http cache @types/d3-color@https://registry.npmjs.org/@types/d3-color/-/d3-color-3.1.3.tgz 0ms (cache hit)
npm http cache d3-timer@https://registry.npmjs.org/d3-timer/-/d3-timer-3.0.1.tgz 0ms (cache hit)
npm http cache d3-time@https://registry.npmjs.org/d3-time/-/d3-time-3.1.0.tgz 0ms (cache hit)
npm http cache d3-shape@https://registry.npmjs.org/d3-shape/-/d3-shape-3.2.0.tgz 0ms (cache hit)
npm http cache d3-scale@https://registry.npmjs.org/d3-scale/-/d3-scale-4.0.2.tgz 0ms (cache hit)
npm http cache d3-interpolate@https://registry.npmjs.org/d3-interpolate/-/d3-interpolate-3.0.1.tgz 0ms (cache hit)
npm http cache d3-ease@https://registry.npmjs.org/d3-ease/-/d3-ease-3.0.1.tgz 0ms (cache hit)
npm http cache @types/d3-timer@https://registry.npmjs.org/@types/d3-timer/-/d3-timer-3.0.2.tgz 0ms (cache hit)
npm http cache @types/d3-shape@https://registry.npmjs.org/@types/d3-shape/-/d3-shape-3.1.8.tgz 0ms (cache hit)
npm http cache @types/d3-time@https://registry.npmjs.org/@types/d3-time/-/d3-time-3.0.4.tgz 0ms (cache hit)
npm http cache @types/d3-scale@https://registry.npmjs.org/@types/d3-scale/-/d3-scale-4.0.9.tgz 0ms (cache hit)
npm http cache @types/d3-interpolate@https://registry.npmjs.org/@types/d3-interpolate/-/d3-interpolate-3.0.4.tgz 0ms (cache hit)
npm http cache @types/d3-ease@https://registry.npmjs.org/@types/d3-ease/-/d3-ease-3.0.2.tgz 0ms (cache hit)
npm http cache d3-array@https://registry.npmjs.org/d3-array/-/d3-array-3.2.4.tgz 0ms (cache hit)
npm http cache @types/d3-array@https://registry.npmjs.org/@types/d3-array/-/d3-array-3.2.2.tgz 0ms (cache hit)
npm http cache escalade@https://registry.npmjs.org/escalade/-/escalade-3.2.0.tgz 0ms (cache hit)
npm http cache is-number@https://registry.npmjs.org/is-number/-/is-number-7.0.0.tgz 0ms (cache hit)
npm http cache thenify@https://registry.npmjs.org/thenify/-/thenify-3.3.1.tgz 0ms (cache hit)
npm http cache thenify-all@https://registry.npmjs.org/thenify-all/-/thenify-all-1.6.0.tgz 0ms (cache hit)
npm http cache any-promise@https://registry.npmjs.org/any-promise/-/any-promise-1.3.0.tgz 0ms (cache hit)
npm http cache @jridgewell/resolve-uri@https://registry.npmjs.org/@jridgewell/resolve-uri/-/resolve-uri-3.1.2.tgz 0ms (cache hit)
npm http cache @jridgewell/trace-mapping@https://registry.npmjs.org/@jridgewell/trace-mapping/-/trace-mapping-0.3.31.tgz 0ms (cache hit)
npm http cache @jridgewell/sourcemap-codec@https://registry.npmjs.org/@jridgewell/sourcemap-codec/-/sourcemap-codec-1.5.5.tgz 0ms (cache hit)
npm http cache ts-interface-checker@https://registry.npmjs.org/ts-interface-checker/-/ts-interface-checker-0.1.13.tgz 0ms (cache hit)
npm http cache tinyglobby@https://registry.npmjs.org/tinyglobby/-/tinyglobby-0.2.17.tgz 0ms (cache hit)
npm http cache pirates@https://registry.npmjs.org/pirates/-/pirates-4.0.7.tgz 0ms (cache hit)
npm http cache mz@https://registry.npmjs.org/mz/-/mz-2.7.0.tgz 0ms (cache hit)
npm http cache lines-and-columns@https://registry.npmjs.org/lines-and-columns/-/lines-and-columns-1.2.4.tgz 0ms (cache hit)
npm http cache commander@https://registry.npmjs.org/commander/-/commander-4.1.1.tgz 0ms (cache hit)
npm http cache @jridgewell/gen-mapping@https://registry.npmjs.org/@jridgewell/gen-mapping/-/gen-mapping-0.3.13.tgz 0ms (cache hit)
npm http cache queue-microtask@https://registry.npmjs.org/queue-microtask/-/queue-microtask-1.2.3.tgz 0ms (cache hit)
npm http cache function-bind@https://registry.npmjs.org/function-bind/-/function-bind-1.1.2.tgz 0ms (cache hit)
npm http cache hasown@https://registry.npmjs.org/hasown/-/hasown-2.0.4.tgz 0ms (cache hit)
npm http cache supports-preserve-symlinks-flag@https://registry.npmjs.org/supports-preserve-symlinks-flag/-/supports-preserve-symlinks-flag-1.0.0.tgz 0ms (cache hit)
npm http cache path-parse@https://registry.npmjs.org/path-parse/-/path-parse-1.0.7.tgz 0ms (cache hit)
npm http cache is-core-module@https://registry.npmjs.org/is-core-module/-/is-core-module-2.16.2.tgz 0ms (cache hit)
npm http cache es-errors@https://registry.npmjs.org/es-errors/-/es-errors-1.3.0.tgz 0ms (cache hit)
npm http cache pify@https://registry.npmjs.org/pify/-/pify-2.3.0.tgz 0ms (cache hit)
npm http cache util-deprecate@https://registry.npmjs.org/util-deprecate/-/util-deprecate-1.0.2.tgz 0ms (cache hit)
npm http cache cssesc@https://registry.npmjs.org/cssesc/-/cssesc-3.0.0.tgz 0ms (cache hit)
npm http cache camelcase-css@https://registry.npmjs.org/camelcase-css/-/camelcase-css-2.0.1.tgz 0ms (cache hit)
npm http cache read-cache@https://registry.npmjs.org/read-cache/-/read-cache-1.0.0.tgz 0ms (cache hit)
npm http cache is-extglob@https://registry.npmjs.org/is-extglob/-/is-extglob-2.1.1.tgz 0ms (cache hit)
npm http cache binary-extensions@https://registry.npmjs.org/binary-extensions/-/binary-extensions-2.3.0.tgz 0ms (cache hit)
npm http cache to-regex-range@https://registry.npmjs.org/to-regex-range/-/to-regex-range-5.0.1.tgz 0ms (cache hit)
npm http cache reusify@https://registry.npmjs.org/reusify/-/reusify-1.1.0.tgz 0ms (cache hit)
npm http cache run-parallel@https://registry.npmjs.org/run-parallel/-/run-parallel-1.2.0.tgz 0ms (cache hit)
npm http cache fastq@https://registry.npmjs.org/fastq/-/fastq-1.20.1.tgz 0ms (cache hit)
npm http cache @nodelib/fs.scandir@https://registry.npmjs.org/@nodelib/fs.scandir/-/fs.scandir-2.1.5.tgz 0ms (cache hit)
npm http cache merge2@https://registry.npmjs.org/merge2/-/merge2-1.4.1.tgz 0ms (cache hit)
npm http cache @nodelib/fs.walk@https://registry.npmjs.org/@nodelib/fs.walk/-/fs.walk-1.2.8.tgz 0ms (cache hit)
npm http cache fill-range@https://registry.npmjs.org/fill-range/-/fill-range-7.1.1.tgz 0ms (cache hit)
npm http cache @nodelib/fs.stat@https://registry.npmjs.org/@nodelib/fs.stat/-/fs.stat-2.0.5.tgz 0ms (cache hit)
npm http cache picomatch@https://registry.npmjs.org/picomatch/-/picomatch-2.3.2.tgz 0ms (cache hit)
npm http cache readdirp@https://registry.npmjs.org/readdirp/-/readdirp-3.6.0.tgz 0ms (cache hit)
npm http cache is-binary-path@https://registry.npmjs.org/is-binary-path/-/is-binary-path-2.1.0.tgz 0ms (cache hit)
npm http cache braces@https://registry.npmjs.org/braces/-/braces-3.0.3.tgz 0ms (cache hit)
npm http cache anymatch@https://registry.npmjs.org/anymatch/-/anymatch-3.1.3.tgz 0ms (cache hit)
npm http cache sucrase@https://registry.npmjs.org/sucrase/-/sucrase-3.35.1.tgz 0ms (cache hit)
npm http cache resolve@https://registry.npmjs.org/resolve/-/resolve-1.22.12.tgz 0ms (cache hit)
npm http cache postcss-selector-parser@https://registry.npmjs.org/postcss-selector-parser/-/postcss-selector-parser-6.1.4.tgz 0ms (cache hit)
npm http cache postcss-nested@https://registry.npmjs.org/postcss-nested/-/postcss-nested-6.2.0.tgz 0ms (cache hit)
npm http cache postcss-load-config@https://registry.npmjs.org/postcss-load-config/-/postcss-load-config-6.0.1.tgz 0ms (cache hit)
npm http cache postcss-js@https://registry.npmjs.org/postcss-js/-/postcss-js-4.1.0.tgz 0ms (cache hit)
npm http cache postcss-import@https://registry.npmjs.org/postcss-import/-/postcss-import-15.1.0.tgz 0ms (cache hit)
npm http cache object-hash@https://registry.npmjs.org/object-hash/-/object-hash-3.0.0.tgz 0ms (cache hit)
npm http cache normalize-path@https://registry.npmjs.org/normalize-path/-/normalize-path-3.0.0.tgz 0ms (cache hit)
npm http cache micromatch@https://registry.npmjs.org/micromatch/-/micromatch-4.0.8.tgz 0ms (cache hit)
npm http cache lilconfig@https://registry.npmjs.org/lilconfig/-/lilconfig-3.1.3.tgz 0ms (cache hit)
npm http cache jiti@https://registry.npmjs.org/jiti/-/jiti-1.21.7.tgz 0ms (cache hit)
npm http cache is-glob@https://registry.npmjs.org/is-glob/-/is-glob-4.0.3.tgz 0ms (cache hit)
npm http cache glob-parent@https://registry.npmjs.org/glob-parent/-/glob-parent-6.0.2.tgz 0ms (cache hit)
npm http cache fast-glob@https://registry.npmjs.org/fast-glob/-/fast-glob-3.3.3.tgz 0ms (cache hit)
npm http cache dlv@https://registry.npmjs.org/dlv/-/dlv-1.1.3.tgz 0ms (cache hit)
npm http cache didyoumean@https://registry.npmjs.org/didyoumean/-/didyoumean-1.2.2.tgz 0ms (cache hit)
npm http cache chokidar@https://registry.npmjs.org/chokidar/-/chokidar-3.6.0.tgz 0ms (cache hit)
npm http cache arg@https://registry.npmjs.org/arg/-/arg-5.0.2.tgz 1ms (cache hit)
npm http cache @alloc/quick-lru@https://registry.npmjs.org/@alloc/quick-lru/-/quick-lru-5.2.0.tgz 0ms (cache hit)
npm http cache client-only@https://registry.npmjs.org/client-only/-/client-only-0.0.1.tgz 0ms (cache hit)
npm http cache decimal.js-light@https://registry.npmjs.org/decimal.js-light/-/decimal.js-light-2.5.1.tgz 0ms (cache hit)
npm http cache dom-helpers@https://registry.npmjs.org/dom-helpers/-/dom-helpers-5.2.1.tgz 0ms (cache hit)
npm http cache object-assign@https://registry.npmjs.org/object-assign/-/object-assign-4.1.1.tgz 0ms (cache hit)
npm http cache react-transition-group@https://registry.npmjs.org/react-transition-group/-/react-transition-group-4.4.5.tgz 0ms (cache hit)
npm http cache prop-types@https://registry.npmjs.org/prop-types/-/prop-types-15.8.1.tgz 0ms (cache hit)
npm http cache fast-equals@https://registry.npmjs.org/fast-equals/-/fast-equals-5.4.0.tgz 0ms (cache hit)
npm http cache victory-vendor@https://registry.npmjs.org/victory-vendor/-/victory-vendor-36.9.2.tgz 0ms (cache hit)
npm http cache tiny-invariant@https://registry.npmjs.org/tiny-invariant/-/tiny-invariant-1.3.3.tgz 0ms (cache hit)
npm http cache recharts-scale@https://registry.npmjs.org/recharts-scale/-/recharts-scale-0.4.5.tgz 0ms (cache hit)
npm http cache react-smooth@https://registry.npmjs.org/react-smooth/-/react-smooth-4.0.4.tgz 0ms (cache hit)
npm http cache react-is@https://registry.npmjs.org/react-is/-/react-is-18.3.1.tgz 0ms (cache hit)
npm http cache lodash@https://registry.npmjs.org/lodash/-/lodash-4.18.1.tgz 0ms (cache hit)
npm http cache eventemitter3@https://registry.npmjs.org/eventemitter3/-/eventemitter3-4.0.7.tgz 0ms (cache hit)
npm http cache clsx@https://registry.npmjs.org/clsx/-/clsx-2.1.1.tgz 0ms (cache hit)
npm http cache @babel/runtime@https://registry.npmjs.org/@babel/runtime/-/runtime-7.29.7.tgz 0ms (cache hit)
npm http cache scheduler@https://registry.npmjs.org/scheduler/-/scheduler-0.23.2.tgz 0ms (cache hit)
npm http cache js-tokens@https://registry.npmjs.org/js-tokens/-/js-tokens-4.0.0.tgz 0ms (cache hit)
npm http cache loose-envify@https://registry.npmjs.org/loose-envify/-/loose-envify-1.4.0.tgz 0ms (cache hit)
npm http cache source-map-js@https://registry.npmjs.org/source-map-js/-/source-map-js-1.2.1.tgz 0ms (cache hit)
npm http cache nanoid@https://registry.npmjs.org/nanoid/-/nanoid-3.3.15.tgz 0ms (cache hit)
npm http cache streamsearch@https://registry.npmjs.org/streamsearch/-/streamsearch-1.1.0.tgz 0ms (cache hit)
npm http cache @swc/counter@https://registry.npmjs.org/@swc/counter/-/counter-0.1.3.tgz 0ms (cache hit)
npm http cache styled-jsx@https://registry.npmjs.org/styled-jsx/-/styled-jsx-5.1.1.tgz 0ms (cache hit)
npm http cache graceful-fs@https://registry.npmjs.org/graceful-fs/-/graceful-fs-4.2.11.tgz 0ms (cache hit)
npm http cache busboy@https://registry.npmjs.org/busboy/-/busboy-1.6.0.tgz 0ms (cache hit)
npm http cache @swc/helpers@https://registry.npmjs.org/@swc/helpers/-/helpers-0.5.5.tgz 0ms (cache hit)
npm http cache @next/swc-linux-x64-gnu@https://registry.npmjs.org/@next/swc-linux-x64-gnu/-/swc-linux-x64-gnu-14.2.18.tgz 0ms (cache hit)
npm http cache @next/env@https://registry.npmjs.org/@next/env/-/env-14.2.18.tgz 0ms (cache hit)
npm http cache update-browserslist-db@https://registry.npmjs.org/update-browserslist-db/-/update-browserslist-db-1.2.3.tgz 0ms (cache hit)
npm http cache node-releases@https://registry.npmjs.org/node-releases/-/node-releases-2.0.48.tgz 0ms (cache hit)
npm http cache electron-to-chromium@https://registry.npmjs.org/electron-to-chromium/-/electron-to-chromium-1.5.377.tgz 0ms (cache hit)
npm http cache baseline-browser-mapping@https://registry.npmjs.org/baseline-browser-mapping/-/baseline-browser-mapping-2.10.38.tgz 0ms (cache hit)
npm http cache postcss-value-parser@https://registry.npmjs.org/postcss-value-parser/-/postcss-value-parser-4.2.0.tgz 0ms (cache hit)
npm http cache picocolors@https://registry.npmjs.org/picocolors/-/picocolors-1.1.1.tgz 0ms (cache hit)
npm http cache fraction.js@https://registry.npmjs.org/fraction.js/-/fraction.js-5.3.4.tgz 0ms (cache hit)
npm http cache caniuse-lite@https://registry.npmjs.org/caniuse-lite/-/caniuse-lite-1.0.30001799.tgz 0ms (cache hit)
npm http cache browserslist@https://registry.npmjs.org/browserslist/-/browserslist-4.28.4.tgz 0ms (cache hit)
npm http cache csstype@https://registry.npmjs.org/csstype/-/csstype-3.2.3.tgz 0ms (cache hit)
npm http cache @types/prop-types@https://registry.npmjs.org/@types/prop-types/-/prop-types-15.7.15.tgz 0ms (cache hit)
npm http cache undici-types@https://registry.npmjs.org/undici-types/-/undici-types-6.21.0.tgz 0ms (cache hit)
npm http cache iceberg-js@https://registry.npmjs.org/iceberg-js/-/iceberg-js-0.8.1.tgz 0ms (cache hit)
npm http cache @supabase/phoenix@https://registry.npmjs.org/@supabase/phoenix/-/phoenix-0.4.4.tgz 0ms (cache hit)
npm http cache tslib@https://registry.npmjs.org/tslib/-/tslib-2.8.1.tgz 0ms (cache hit)
npm http cache @supabase/storage-js@https://registry.npmjs.org/@supabase/storage-js/-/storage-js-2.108.2.tgz 0ms (cache hit)
npm http cache @supabase/realtime-js@https://registry.npmjs.org/@supabase/realtime-js/-/realtime-js-2.108.2.tgz 0ms (cache hit)
npm http cache @supabase/postgrest-js@https://registry.npmjs.org/@supabase/postgrest-js/-/postgrest-js-2.108.2.tgz 0ms (cache hit)
npm http cache @supabase/functions-js@https://registry.npmjs.org/@supabase/functions-js/-/functions-js-2.108.2.tgz 0ms (cache hit)
npm http cache @supabase/auth-js@https://registry.npmjs.org/@supabase/auth-js/-/auth-js-2.108.2.tgz 0ms (cache hit)
npm http cache typescript@https://registry.npmjs.org/typescript/-/typescript-5.9.3.tgz 0ms (cache hit)
npm http cache tailwindcss@https://registry.npmjs.org/tailwindcss/-/tailwindcss-3.4.19.tgz 0ms (cache hit)
npm http cache recharts@https://registry.npmjs.org/recharts/-/recharts-2.15.4.tgz 0ms (cache hit)
npm http cache react-dom@https://registry.npmjs.org/react-dom/-/react-dom-18.3.1.tgz 0ms (cache hit)
npm http cache react@https://registry.npmjs.org/react/-/react-18.3.1.tgz 0ms (cache hit)
npm http cache next@https://registry.npmjs.org/next/-/next-14.2.18.tgz 0ms (cache hit)
npm http cache jose@https://registry.npmjs.org/jose/-/jose-5.10.0.tgz 0ms (cache hit)
npm http cache postcss@https://registry.npmjs.org/postcss/-/postcss-8.5.15.tgz 0ms (cache hit)
npm http cache autoprefixer@https://registry.npmjs.org/autoprefixer/-/autoprefixer-10.5.0.tgz 0ms (cache hit)
npm http cache @types/react-dom@https://registry.npmjs.org/@types/react-dom/-/react-dom-18.3.7.tgz 0ms (cache hit)
npm http cache @types/react@https://registry.npmjs.org/@types/react/-/react-18.3.31.tgz 0ms (cache hit)
npm http cache @types/node@https://registry.npmjs.org/@types/node/-/node-20.19.43.tgz 0ms (cache hit)
npm http cache @supabase/supabase-js@https://registry.npmjs.org/@supabase/supabase-js/-/supabase-js-2.108.2.tgz 0ms (cache hit)
npm http cache picomatch@https://registry.npmjs.org/picomatch/-/picomatch-4.0.4.tgz 1ms (cache hit)
npm http cache fdir@https://registry.npmjs.org/fdir/-/fdir-6.5.0.tgz 0ms (cache hit)
npm http cache glob-parent@https://registry.npmjs.org/glob-parent/-/glob-parent-5.1.2.tgz 0ms (cache hit)
npm http cache glob-parent@https://registry.npmjs.org/glob-parent/-/glob-parent-5.1.2.tgz 0ms (cache hit)
npm http cache react-is@https://registry.npmjs.org/react-is/-/react-is-16.13.1.tgz 0ms (cache hit)
npm http cache postcss@https://registry.npmjs.org/postcss/-/postcss-8.4.31.tgz 0ms (cache hit)
npm http fetch GET 200 https://registry.npmjs.org/@types/d3-path/-/d3-path-3.1.1.tgz 303ms (cache miss)
npm http fetch GET 200 https://registry.npmjs.org/postcss-load-config/-/postcss-load-config-6.0.1.tgz 474ms (cache miss)
npm http fetch GET 200 https://registry.npmjs.org/busboy/-/busboy-1.6.0.tgz 654ms (cache miss)
npm http fetch GET 200 https://registry.npmjs.org/recharts-scale/-/recharts-scale-0.4.5.tgz 658ms (cache miss)
npm http fetch GET 200 https://registry.npmjs.org/@types/d3-color/-/d3-color-3.1.3.tgz 669ms (cache miss)
npm http fetch GET 200 https://registry.npmjs.org/undici-types/-/undici-types-6.21.0.tgz 668ms (cache miss)
npm http fetch GET 200 https://registry.npmjs.org/@types/prop-types/-/prop-types-15.7.15.tgz 678ms (cache miss)
npm http fetch GET 200 https://registry.npmjs.org/csstype/-/csstype-3.2.3.tgz 770ms (cache miss)
npm http fetch GET 200 https://registry.npmjs.org/react/-/react-18.3.1.tgz 811ms (cache miss)
npm http fetch GET 200 https://registry.npmjs.org/postcss-selector-parser/-/postcss-selector-parser-6.1.4.tgz 942ms (cache miss)
npm http fetch GET 200 https://registry.npmjs.org/jiti/-/jiti-1.21.7.tgz 1003ms (cache miss)
npm http fetch GET 200 https://registry.npmjs.org/fast-glob/-/fast-glob-3.3.3.tgz 1093ms (cache miss)
npm http fetch GET 200 https://registry.npmjs.org/postcss/-/postcss-8.5.15.tgz 1091ms (cache miss)
npm http fetch GET 200 https://registry.npmjs.org/@supabase/postgrest-js/-/postgrest-js-2.108.2.tgz 1131ms (cache miss)
npm http fetch GET 200 https://registry.npmjs.org/@types/react/-/react-18.3.31.tgz 1448ms (cache miss)
npm http fetch GET 200 https://registry.npmjs.org/react-dom/-/react-dom-18.3.1.tgz 1474ms (cache miss)
npm http fetch GET 200 https://registry.npmjs.org/styled-jsx/-/styled-jsx-5.1.1.tgz 1654ms (cache miss)
npm http fetch GET 200 https://registry.npmjs.org/@supabase/phoenix/-/phoenix-0.4.4.tgz 1675ms (cache miss)
npm http fetch GET 200 https://registry.npmjs.org/@supabase/supabase-js/-/supabase-js-2.108.2.tgz 1674ms (cache miss)
npm http fetch GET 200 https://registry.npmjs.org/@supabase/storage-js/-/storage-js-2.108.2.tgz 1728ms (cache miss)
npm http fetch GET 200 https://registry.npmjs.org/@types/node/-/node-20.19.43.tgz 1766ms (cache miss)
npm http fetch GET 200 https://registry.npmjs.org/@supabase/functions-js/-/functions-js-2.108.2.tgz 1899ms (cache miss)
npm http fetch GET 200 https://registry.npmjs.org/@supabase/realtime-js/-/realtime-js-2.108.2.tgz 2169ms (cache miss)
npm http fetch GET 200 https://registry.npmjs.org/sucrase/-/sucrase-3.35.1.tgz 2415ms (cache miss)
npm http fetch GET 200 https://registry.npmjs.org/@supabase/auth-js/-/auth-js-2.108.2.tgz 2556ms (cache miss)
npm http fetch GET 200 https://registry.npmjs.org/tailwindcss/-/tailwindcss-3.4.19.tgz 2626ms (cache miss)
npm http fetch GET 200 https://registry.npmjs.org/@swc/helpers/-/helpers-0.5.5.tgz 2708ms (cache miss)
npm http fetch GET 200 https://registry.npmjs.org/recharts/-/recharts-2.15.4.tgz 2824ms (cache miss)
npm warn deprecated recharts@2.15.4: 1.x and 2.x branches are no longer active. Bump to Recharts v3 to receive latest features and bugfixes. See https://github.com/recharts/recharts/wiki/3.0-migration-guide
npm http fetch GET 200 https://registry.npmjs.org/victory-vendor/-/victory-vendor-36.9.2.tgz 2879ms (cache miss)
npm http fetch GET 200 https://registry.npmjs.org/typescript/-/typescript-5.9.3.tgz 2919ms (cache miss)
npm http fetch GET 200 https://registry.npmjs.org/lodash/-/lodash-4.18.1.tgz 2924ms (cache miss)
npm http fetch GET 200 https://registry.npmjs.org/jose/-/jose-5.10.0.tgz 3060ms (cache miss)
npm http fetch GET 200 https://registry.npmjs.org/caniuse-lite/-/caniuse-lite-1.0.30001799.tgz 3360ms (cache miss)
npm http fetch GET 200 https://registry.npmjs.org/@next/swc-linux-x64-gnu/-/swc-linux-x64-gnu-14.2.18.tgz 7995ms (cache miss)
npm http fetch GET 200 https://registry.npmjs.org/next/-/next-14.2.18.tgz 10470ms (cache miss)
npm warn deprecated next@14.2.18: This version has a security vulnerability. Please upgrade to a patched version. See https://nextjs.org/blog/security-update-2025-12-11 for more details.

added 152 packages in 15s
npm info ok
